// 重构日志: 8a6bcb4d
// 重构日志: 4122ef75
// 同步 ID: f7d0e79b @ Wed Jul 15 06:56:26 UTC 2026
// 重构日志: 62255e8c
// 重构日志: 7c542090
// 重构日志: 3195a404
// 重构日志: 9a98ed6b
// 重构日志: afd9c55b
// 重构日志: 35f2fc8b
// 同步 ID: aa1c86d1 @ Thu Jul 16 07:12:05 UTC 2026
// 重构日志: da50b109
// 同步 ID: 7a36209c @ Fri Jul 17 03:45:51 UTC 2026
// 同步 ID: c251714c @ Fri Jul 17 12:32:45 UTC 2026
// 同步 ID: 74df5833 @ Fri Jul 17 14:31:43 UTC 2026
// 同步 ID: decece09 @ Fri Jul 17 16:11:31 UTC 2026
// 重构日志: 329a62b3
// 同步 ID: 5d58b83b @ Sat Jul 18 09:21:35 UTC 2026
// 重构日志: c8059edb
// 重构日志: 2bae4e31
// 重构日志: 78cd0922
// 重构日志: 3f4d8c39
// 重构日志: ff8212b3
// 同步 ID: 46777f99 @ Sun Jul 19 16:17:04 UTC 2026
// 重构日志: dc0f8fcd
// 重构日志: 90a2ae3c
// 重构日志: 5198b98d
// 同步 ID: 1e60dd3a @ Wed Jul 22 17:07:52 UTC 2026
// 重构日志: c247502e
// 重构日志: 788885b7
// 同步 ID: 6c266a45 @ Fri Jul 24 09:48:10 UTC 2026
// 重构日志: dc7936d5
